<?xml version="1.0" encoding="UTF-8"?>
<!-- Generated by org.testng.reporters.JUnitReportReporter -->
<testsuite hostname="SAGITEC-2463" failures="0" tests="1" name="Testcases.SignUpTestcase" time="6.353" errors="0" timestamp="2022-01-22T09:12:11 IST" skipped="0">
  <testcase classname="Testcases.SignUpTestcase" name="SignUp" time="6.353"/>
  <system-out/>
</testsuite> <!-- Testcases.SignUpTestcase -->
